2025-12-28 16:59:19,032 - gateway.error - ERROR - Request failed: GET / - 404
2025-12-28 16:59:19,056 - gateway.error - ERROR - Request failed: GET /favicon.ico - 404
2025-12-28 16:59:26,065 - gateway.error - ERROR - Request failed: GET / - 404
2025-12-28 16:59:26,077 - gateway.error - ERROR - Request failed: GET /favicon.ico - 404
2025-12-28 17:05:25,948 - gateway.error - ERROR - Request failed: GET / - 404
2025-12-28 17:05:25,962 - gateway.error - ERROR - Request failed: GET /favicon.ico - 404
2025-12-28 17:06:47,560 - gateway.error - ERROR - Request failed: GET / - 404
2025-12-28 17:06:47,574 - gateway.error - ERROR - Request failed: GET /favicon.ico - 404
2025-12-28 17:41:11,426 - gateway.error - ERROR - Request failed: GET / - 404
2025-12-28 17:41:11,439 - gateway.error - ERROR - Request failed: GET /favicon.ico - 404
2025-12-28 18:10:32,486 - gateway.error - ERROR - Request failed: GET / - 404
2025-12-28 18:10:32,497 - gateway.error - ERROR - Request failed: GET /favicon.ico - 404
2025-12-28 18:15:50,426 - gateway.error - ERROR - Request failed: GET / - 404
2025-12-28 18:15:50,440 - gateway.error - ERROR - Request failed: GET /favicon.ico - 404
2025-12-28 18:15:51,520 - gateway.error - ERROR - Request failed: GET / - 404
2025-12-28 18:15:51,536 - gateway.error - ERROR - Request failed: GET /favicon.ico - 404
2025-12-28 18:15:52,391 - gateway.error - ERROR - Request failed: GET / - 404
2025-12-28 18:15:52,407 - gateway.error - ERROR - Request failed: GET /favicon.ico - 404
2025-12-28 18:15:53,159 - gateway.error - ERROR - Request failed: GET / - 404
2025-12-28 18:15:53,173 - gateway.error - ERROR - Request failed: GET /favicon.ico - 404
2025-12-28 18:16:39,631 - gateway.error - ERROR - Request failed: GET /login - 404
2025-12-28 18:16:39,649 - gateway.error - ERROR - Request failed: GET /favicon.ico - 404
2025-12-28 18:16:48,750 - gateway.error - ERROR - Request failed: GET /login - 404
2025-12-28 18:16:48,767 - gateway.error - ERROR - Request failed: GET /favicon.ico - 404
2025-12-28 18:16:49,742 - gateway.error - ERROR - Request failed: GET /login - 404
2025-12-28 18:16:49,754 - gateway.error - ERROR - Request failed: GET /favicon.ico - 404
2025-12-28 18:16:50,687 - gateway.error - ERROR - Request failed: GET /login - 404
2025-12-28 18:16:50,701 - gateway.error - ERROR - Request failed: GET /favicon.ico - 404
2025-12-28 18:17:09,519 - gateway.error - ERROR - Request failed: GET /logout - 404
2025-12-28 18:17:09,535 - gateway.error - ERROR - Request failed: GET /favicon.ico - 404
2025-12-28 18:17:21,920 - gateway.error - ERROR - Request failed: GET /register - 404
2025-12-28 18:17:21,934 - gateway.error - ERROR - Request failed: GET /favicon.ico - 404
